Traceback (most recent call last):
  File "/home/saguileran/anaconda3/envs/wavesongs/lib/python3.12/site-packages/jupyter_cache/executors/utils.py", line 58, in single_nb_execution
    executenb(
  File "/home/saguileran/anaconda3/envs/wavesongs/lib/python3.12/site-packages/nbclient/client.py", line 1319, in execute
    return NotebookClient(nb=nb, resources=resources, km=km, **kwargs).execute()
           ^^^^^^^^^^^^^^^^^^^^^^^^^^^^^^^^^^^^^^^^^^^^^^^^^^^^^^^^^^^^^^^^^^^^^
  File "/home/saguileran/anaconda3/envs/wavesongs/lib/python3.12/site-packages/jupyter_core/utils/__init__.py", line 165, in wrapped
    return loop.run_until_complete(inner)
           ^^^^^^^^^^^^^^^^^^^^^^^^^^^^^^
  File "/home/saguileran/anaconda3/envs/wavesongs/lib/python3.12/asyncio/base_events.py", line 685, in run_until_complete
    return future.result()
           ^^^^^^^^^^^^^^^
  File "/home/saguileran/anaconda3/envs/wavesongs/lib/python3.12/site-packages/nbclient/client.py", line 709, in async_execute
    await self.async_execute_cell(
  File "/home/saguileran/anaconda3/envs/wavesongs/lib/python3.12/site-packages/nbclient/client.py", line 1062, in async_execute_cell
    await self._check_raise_for_error(cell, cell_index, exec_reply)
  File "/home/saguileran/anaconda3/envs/wavesongs/lib/python3.12/site-packages/nbclient/client.py", line 918, in _check_raise_for_error
    raise CellExecutionError.from_cell_and_msg(cell, exec_reply_content)
nbclient.exceptions.CellExecutionError: An error occurred while executing the following cell:
------------------
proj_dirs = ProjDirs(audios="../../assets/audio", results="../../assets/results")

# Define the song and compute its acoustic features
copeton_song = Song(proj_dirs, file_id="574179401")
copeton_song.acoustical_features(umbral_FF=1.4, NN=256)

# Display the song
plots.spectrogram_waveform(copeton_song, save=False)
------------------


[0;31m---------------------------------------------------------------------------[0m
[0;31mIndexError[0m                                Traceback (most recent call last)
Cell [0;32mIn[3], line 4[0m
[1;32m      1[0m proj_dirs [38;5;241m=[39m ProjDirs(audios[38;5;241m=[39m[38;5;124m"[39m[38;5;124m../../assets/audio[39m[38;5;124m"[39m, results[38;5;241m=[39m[38;5;124m"[39m[38;5;124m../../assets/results[39m[38;5;124m"[39m)
[1;32m      3[0m [38;5;66;03m# Define the song and compute its acoustic features[39;00m
[0;32m----> 4[0m copeton_song [38;5;241m=[39m [43mSong[49m[43m([49m[43mproj_dirs[49m[43m,[49m[43m [49m[43mfile_id[49m[38;5;241;43m=[39;49m[38;5;124;43m"[39;49m[38;5;124;43m574179401[39;49m[38;5;124;43m"[39;49m[43m)[49m
[1;32m      5[0m copeton_song[38;5;241m.[39macoustical_features(umbral_FF[38;5;241m=[39m[38;5;241m1.4[39m, NN[38;5;241m=[39m[38;5;241m256[39m)
[1;32m      7[0m [38;5;66;03m# Display the song[39;00m

File [0;32m~/Documentos/GitHub/wavesongs/wavesongs/objects/song.py:87[0m, in [0;36mSong.__init__[0;34m(self, proj_dirs, file_id, tlim, flim, sr, info, id)[0m
[1;32m     84[0m [38;5;28mself[39m[38;5;241m.[39minfo [38;5;241m=[39m info
[1;32m     85[0m [38;5;28mself[39m[38;5;241m.[39mflim [38;5;241m=[39m flim
[0;32m---> 87[0m [38;5;28mself[39m[38;5;241m.[39mfile_path [38;5;241m=[39m [43mproj_dirs[49m[38;5;241;43m.[39;49m[43mfind_audio[49m[43m([49m[43mfile_id[49m[43m)[49m
[1;32m     88[0m [38;5;28mself[39m[38;5;241m.[39mfile_name [38;5;241m=[39m basename(normpath([38;5;28mself[39m[38;5;241m.[39mfile_path))
[1;32m     90[0m [38;5;28;01mif[39;00m [38;5;28mself[39m[38;5;241m.[39mproj_dirs[38;5;241m.[39mCATALOG:

File [0;32m~/Documentos/GitHub/wavesongs/wavesongs/utils/paths.py:176[0m, in [0;36mProjDirs.find_audio[0;34m(self, id)[0m
[1;32m    174[0m     path [38;5;241m=[39m PosixPath(id_df[[38;5;124m"[39m[38;5;124mFile Path[39m[38;5;124m"[39m][38;5;241m.[39mvalues[[38;5;241m0[39m])
[1;32m    175[0m [38;5;28;01melse[39;00m:
[0;32m--> 176[0m     path [38;5;241m=[39m [43m[[49m
[1;32m    177[0m [43m        [49m[38;5;28;43mself[39;49m[38;5;241;43m.[39;49m[43mfiles[49m[43m[[49m[43mi[49m[43m][49m
[1;32m    178[0m [43m        [49m[38;5;28;43;01mfor[39;49;00m[43m [49m[43mi[49m[43m [49m[38;5;129;43;01min[39;49;00m[43m [49m[38;5;28;43mrange[39;49m[43m([49m[38;5;28;43mlen[39;49m[43m([49m[38;5;28;43mself[39;49m[38;5;241;43m.[39;49m[43mfiles[49m[43m)[49m[43m)[49m
[1;32m    179[0m [43m        [49m[38;5;28;43;01mif[39;49;00m[43m [49m[38;5;28;43mid[39;49m[43m [49m[38;5;129;43;01min[39;49;00m[43m [49m[38;5;28;43mself[39;49m[38;5;241;43m.[39;49m[43mfiles_names[49m[43m[[49m[43mi[49m[43m][49m
[1;32m    180[0m [43m    [49m[43m][49m[43m[[49m[38;5;241;43m0[39;49m[43m][49m
[1;32m    181[0m [38;5;28;01mreturn[39;00m path

[0;31mIndexError[0m: list index out of range

